 Strtpoint: lif0_spmux_u0/eflexe_rx_data_reg_19__25_
     2                (rising edge-triggered flip-flop clocked by AFE_LN3_CLK_RX_DATA__DPL_IN_core4_lif0)
     3   Endpoint: eflexe_serdes_rxdata_19[25]
     4                (output port clocked by AFE_LN3_CLK_RX_DATA__DPL_IN_core4_lif0)
     5   Last common pin: serdes_s24_u0/serdes_s4_u4/sbphys2a1s14lpp28g4l1c_phy_u0/BLOCK_BUFFER_OUT_198/Y
     6   Path Group: REGOUT
     7   Path Type: max
     8
     9   Point                                                                                    Incr       Path
    10   ---------------------------------------------------------------------------------------------------------------
    11   clock AFE_LN3_CLK_RX_DATA__DPL_IN_core4_lif0 (rise edge)                                0.000      0.000
    12   clock network delay (propagated)                                                        1.838      1.838
    13   lif0_spmux_u0/eflexe_rx_data_reg_19__25_/CK (SDFFXRPQ_X2N_A9PP84TSL_C14)                0.000      1.838 r
    14   lif0_spmux_u0/eflexe_rx_data_reg_19__25_/Q (SDFFXRPQ_X2N_A9PP84TSL_C14)                 0.038 &    1.876 r
    15   lif0_spmux_u0/RO_ropt_d_inst_3132021/Y (BUFH_X7N_A9PP84TSL_C14)                         0.012 &    1.888 r
    16   BLOCK_BUFFER_OUT_1076/Y (BUF_X12N_A9PP84TL_C14)                                         0.026 &    1.914 r
    17   eflexe_serdes_rxdata_19[25] (out)                                                       0.005 &    1.918 r
    18   data arrival time                                                                                  1.918
    19
    20   clock AFE_LN3_CLK_RX_DATA__DPL_IN_core4_lif0 (rise edge)                                1.046      1.046
    21   clock network delay (propagated)                                                        1.586      2.632
    22   clock reconvergence pessimism                                                           0.036      2.668
    23   clock uncertainty                                                                      -0.025      2.643
    24   output external delay                                                                  -0.727      1.916
    25   data required time                                                                                 1.916
    26   ---------------------------------------------------------------------------------------------------------------
    27   data required time                                                                                 1.916
    28   data arrival time                                                                                 -1.918
    29   ---------------------------------------------------------------------------------------------------------------
    30   slack (VIOLATED)                                                                                  -0.003a
